<?xml version="1.0" encoding="UTF-8"?>
<coverage generated="1772655638">
  <project timestamp="1772655638" name="Clover Coverage">
    <package name="Cabify\Application\Command">
      <file name="/home/aythami/Algoritmos/Cabify/Application/Command/DropoffJourneyCommand.php">
        <class name="Cabify\Application\Command\DropoffJourneyCommand" namespace="Cabify\Application\Command">
          <metrics complexity="2" methods="2" coveredmethods="2" conditionals="0" coveredconditionals="0" statements="2" coveredstatements="2" elements="4" coveredelements="4"/>
        </class>
        <line num="33" type="method" name="__construct" visibility="public" complexity="1" crap="1" count="6"/>
        <line num="35" type="stmt" count="6"/>
        <line num="49" type="method" name="id" visibility="public" complexity="1" crap="1" count="6"/>
        <line num="51" type="stmt" count="6"/>
        <metrics loc="54" ncloc="21" classes="1" methods="2" coveredmethods="2" conditionals="0" coveredconditionals="0" statements="2" coveredstatements="2" elements="4" coveredelements="4"/>
      </file>
      <file name="/home/aythami/Algoritmos/Cabify/Application/Command/RegisterJourneyCommand.php">
        <class name="Cabify\Application\Command\RegisterJourneyCommand" namespace="Cabify\Application\Command">
          <metrics complexity="3" methods="3" coveredmethods="3" conditionals="0" coveredconditionals="0" statements="4" coveredstatements="4" elements="7" coveredelements="7"/>
        </class>
        <line num="35" type="method" name="__construct" visibility="public" complexity="1" crap="1" count="9"/>
        <line num="37" type="stmt" count="9"/>
        <line num="38" type="stmt" count="9"/>
        <line num="52" type="method" name="id" visibility="public" complexity="1" crap="1" count="9"/>
        <line num="54" type="stmt" count="9"/>
        <line num="68" type="method" name="people" visibility="public" complexity="1" crap="1" count="9"/>
        <line num="70" type="stmt" count="9"/>
        <metrics loc="73" ncloc="29" classes="1" methods="3" coveredmethods="3" conditionals="0" coveredconditionals="0" statements="4" coveredstatements="4" elements="7" coveredelements="7"/>
      </file>
      <file name="/home/aythami/Algoritmos/Cabify/Application/Command/ReplaceFleetCommand.php">
        <class name="Cabify\Application\Command\ReplaceFleetCommand" namespace="Cabify\Application\Command">
          <metrics complexity="2" methods="2" coveredmethods="2" conditionals="0" coveredconditionals="0" statements="2" coveredstatements="2" elements="4" coveredelements="4"/>
        </class>
        <line num="36" type="method" name="__construct" visibility="public" complexity="1" crap="1" count="2"/>
        <line num="38" type="stmt" count="2"/>
        <line num="54" type="method" name="cars" visibility="public" complexity="1" crap="1" count="2"/>
        <line num="56" type="stmt" count="2"/>
        <metrics loc="59" ncloc="23" classes="1" methods="2" coveredmethods="2" conditionals="0" coveredconditionals="0" statements="2" coveredstatements="2" elements="4" coveredelements="4"/>
      </file>
    </package>
    <package name="Cabify\Application\Dto">
      <file name="/home/aythami/Algoritmos/Cabify/Application/Dto/JourneyState.php">
        <class name="Cabify\Application\Dto\JourneyState" namespace="Cabify\Application\Dto">
          <metrics complexity="10" methods="7" coveredmethods="7" conditionals="0" coveredconditionals="0" statements="14" coveredstatements="14" elements="21" coveredelements="21"/>
        </class>
        <line num="41" type="method" name="__construct" visibility="public" complexity="4" crap="4" count="13"/>
        <line num="43" type="stmt" count="13"/>
        <line num="44" type="stmt" count="1"/>
        <line num="47" type="stmt" count="12"/>
        <line num="48" type="stmt" count="1"/>
        <line num="51" type="stmt" count="11"/>
        <line num="52" type="stmt" count="11"/>
        <line num="53" type="stmt" count="11"/>
        <line num="54" type="stmt" count="11"/>
        <line num="68" type="method" name="id" visibility="public" complexity="1" crap="1" count="3"/>
        <line num="70" type="stmt" count="3"/>
        <line num="84" type="method" name="people" visibility="public" complexity="1" crap="1" count="2"/>
        <line num="86" type="stmt" count="2"/>
        <line num="100" type="method" name="status" visibility="public" complexity="1" crap="1" count="3"/>
        <line num="102" type="stmt" count="3"/>
        <line num="116" type="method" name="assignedCarId" visibility="public" complexity="1" crap="1" count="9"/>
        <line num="118" type="stmt" count="9"/>
        <line num="132" type="method" name="isWaiting" visibility="public" complexity="1" crap="1" count="8"/>
        <line num="134" type="stmt" count="8"/>
        <line num="148" type="method" name="isAssigned" visibility="public" complexity="1" crap="1" count="7"/>
        <line num="150" type="stmt" count="7"/>
        <metrics loc="153" ncloc="65" classes="1" methods="7" coveredmethods="7" conditionals="0" coveredconditionals="0" statements="14" coveredstatements="14" elements="21" coveredelements="21"/>
      </file>
      <file name="/home/aythami/Algoritmos/Cabify/Application/Dto/RegisterJourneyResult.php">
        <class name="Cabify\Application\Dto\RegisterJourneyResult" namespace="Cabify\Application\Dto">
          <metrics complexity="6" methods="6" coveredmethods="6" conditionals="0" coveredconditionals="0" statements="8" coveredstatements="8" elements="14" coveredelements="14"/>
        </class>
        <line num="37" type="method" name="__construct" visibility="private" complexity="1" crap="1" count="9"/>
        <line num="39" type="stmt" count="9"/>
        <line num="40" type="stmt" count="9"/>
        <line num="41" type="stmt" count="9"/>
        <line num="55" type="method" name="assigned" visibility="public" complexity="1" crap="1" count="7"/>
        <line num="57" type="stmt" count="7"/>
        <line num="71" type="method" name="waiting" visibility="public" complexity="1" crap="1" count="5"/>
        <line num="73" type="stmt" count="5"/>
        <line num="87" type="method" name="groupId" visibility="public" complexity="1" crap="1" count="4"/>
        <line num="89" type="stmt" count="4"/>
        <line num="103" type="method" name="status" visibility="public" complexity="1" crap="1" count="7"/>
        <line num="105" type="stmt" count="7"/>
        <line num="119" type="method" name="carId" visibility="public" complexity="1" crap="1" count="5"/>
        <line num="121" type="stmt" count="5"/>
        <metrics loc="124" ncloc="47" classes="1" methods="6" coveredmethods="6" conditionals="0" coveredconditionals="0" statements="8" coveredstatements="8" elements="14" coveredelements="14"/>
      </file>
    </package>
    <package name="Cabify\Application\Exception">
      <file name="/home/aythami/Algoritmos/Cabify/Application/Exception/DuplicateJourneyException.php">
        <class name="Cabify\Application\Exception\DuplicateJourneyException" namespace="Cabify\Application\Exception">
          <metrics complexity="0" methods="0" coveredmethods="0" conditionals="0" coveredconditionals="0" statements="0" coveredstatements="0" elements="0" coveredelements="0"/>
        </class>
        <metrics loc="23" ncloc="12" classes="0" methods="0" coveredmethods="0" conditionals="0" coveredconditionals="0" statements="0" coveredstatements="0" elements="0" coveredelements="0"/>
      </file>
      <file name="/home/aythami/Algoritmos/Cabify/Application/Exception/JourneyNotFoundException.php">
        <class name="Cabify\Application\Exception\JourneyNotFoundException" namespace="Cabify\Application\Exception">
          <metrics complexity="0" methods="0" coveredmethods="0" conditionals="0" coveredconditionals="0" statements="0" coveredstatements="0" elements="0" coveredelements="0"/>
        </class>
        <metrics loc="23" ncloc="12" classes="0" methods="0" coveredmethods="0" conditionals="0" coveredconditionals="0" statements="0" coveredstatements="0" elements="0" coveredelements="0"/>
      </file>
    </package>
    <package name="Cabify\Application\Handler">
      <file name="/home/aythami/Algoritmos/Cabify/Application/Handler/DropoffJourneyHandler.php">
        <class name="Cabify\Application\Handler\DropoffJourneyHandler" namespace="Cabify\Application\Handler">
          <metrics complexity="7" methods="2" coveredmethods="1" conditionals="0" coveredconditionals="0" statements="20" coveredstatements="19" elements="22" coveredelements="20"/>
        </class>
        <line num="44" type="method" name="__construct" visibility="public" complexity="1" crap="1" count="7"/>
        <line num="49" type="stmt" count="7"/>
        <line num="50" type="stmt" count="7"/>
        <line num="51" type="stmt" count="7"/>
        <line num="67" type="method" name="handle" visibility="public" complexity="6" crap="6.01" count="6"/>
        <line num="69" type="stmt" count="6"/>
        <line num="70" type="stmt" count="6"/>
        <line num="71" type="stmt" count="2"/>
        <line num="74" type="stmt" count="4"/>
        <line num="76" type="stmt" count="4"/>
        <line num="77" type="stmt" count="4"/>
        <line num="78" type="stmt" count="2"/>
        <line num="79" type="stmt" count="2"/>
        <line num="80" type="stmt" count="2"/>
        <line num="81" type="stmt" count="2"/>
        <line num="83" type="stmt" count="2"/>
        <line num="84" type="stmt" count="1"/>
        <line num="85" type="stmt" count="1"/>
        <line num="86" type="stmt" count="0"/>
        <line num="89" type="stmt" count="1"/>
        <line num="93" type="stmt" count="4"/>
        <line num="94" type="stmt" count="3"/>
        <metrics loc="98" ncloc="63" classes="1" methods="2" coveredmethods="1" conditionals="0" coveredconditionals="0" statements="20" coveredstatements="19" elements="22" coveredelements="20"/>
      </file>
      <file name="/home/aythami/Algoritmos/Cabify/Application/Handler/LocateJourneyHandler.php">
        <class name="Cabify\Application\Handler\LocateJourneyHandler" namespace="Cabify\Application\Handler">
          <metrics complexity="3" methods="2" coveredmethods="2" conditionals="0" coveredconditionals="0" statements="5" coveredstatements="5" elements="7" coveredelements="7"/>
        </class>
        <line num="38" type="method" name="__construct" visibility="public" complexity="1" crap="1" count="9"/>
        <line num="40" type="stmt" count="9"/>
        <line num="56" type="method" name="handle" visibility="public" complexity="2" crap="2" count="8"/>
        <line num="58" type="stmt" count="8"/>
        <line num="59" type="stmt" count="8"/>
        <line num="60" type="stmt" count="3"/>
        <line num="63" type="stmt" count="6"/>
        <metrics loc="66" ncloc="31" classes="1" methods="2" coveredmethods="2" conditionals="0" coveredconditionals="0" statements="5" coveredstatements="5" elements="7" coveredelements="7"/>
      </file>
      <file name="/home/aythami/Algoritmos/Cabify/Application/Handler/RegisterJourneyHandler.php">
        <class name="Cabify\Application\Handler\RegisterJourneyHandler" namespace="Cabify\Application\Handler">
          <metrics complexity="7" methods="2" coveredmethods="2" conditionals="0" coveredconditionals="0" statements="23" coveredstatements="23" elements="25" coveredelements="25"/>
        </class>
        <line num="45" type="method" name="__construct" visibility="public" complexity="1" crap="1" count="11"/>
        <line num="50" type="stmt" count="11"/>
        <line num="51" type="stmt" count="11"/>
        <line num="52" type="stmt" count="11"/>
        <line num="66" type="method" name="handle" visibility="public" complexity="6" crap="6" count="9"/>
        <line num="68" type="stmt" count="9"/>
        <line num="69" type="stmt" count="9"/>
        <line num="71" type="stmt" count="9"/>
        <line num="73" type="stmt" count="9"/>
        <line num="74" type="stmt" count="9"/>
        <line num="75" type="stmt" count="3"/>
        <line num="76" type="stmt" count="3"/>
        <line num="77" type="stmt" count="3"/>
        <line num="78" type="stmt" count="3"/>
        <line num="80" type="stmt" count="6"/>
        <line num="81" type="stmt" count="6"/>
        <line num="82" type="stmt" count="6"/>
        <line num="83" type="stmt" count="3"/>
        <line num="86" type="stmt" count="4"/>
        <line num="90" type="stmt" count="9"/>
        <line num="91" type="stmt" count="7"/>
        <line num="94" type="stmt" count="9"/>
        <line num="95" type="stmt" count="9"/>
        <line num="96" type="stmt" count="7"/>
        <line num="99" type="stmt" count="5"/>
        <metrics loc="102" ncloc="69" classes="1" methods="2" coveredmethods="2" conditionals="0" coveredconditionals="0" statements="23" coveredstatements="23" elements="25" coveredelements="25"/>
      </file>
      <file name="/home/aythami/Algoritmos/Cabify/Application/Handler/ReplaceFleetHandler.php">
        <class name="Cabify\Application\Handler\ReplaceFleetHandler" namespace="Cabify\Application\Handler">
          <metrics complexity="2" methods="2" coveredmethods="2" conditionals="0" coveredconditionals="0" statements="2" coveredstatements="2" elements="4" coveredelements="4"/>
        </class>
        <line num="36" type="method" name="__construct" visibility="public" complexity="1" crap="1" count="5"/>
        <line num="38" type="stmt" count="5"/>
        <line num="52" type="method" name="handle" visibility="public" complexity="1" crap="1" count="2"/>
        <line num="54" type="stmt" count="2"/>
        <metrics loc="57" ncloc="24" classes="1" methods="2" coveredmethods="2" conditionals="0" coveredconditionals="0" statements="2" coveredstatements="2" elements="4" coveredelements="4"/>
      </file>
    </package>
    <file name="/home/aythami/Algoritmos/Cabify/Application/Port/CarAvailabilityRepositoryInterface.php">
      <metrics loc="33" ncloc="11" classes="0" methods="0" coveredmethods="0" conditionals="0" coveredconditionals="0" statements="0" coveredstatements="0" elements="0" coveredelements="0"/>
    </file>
    <file name="/home/aythami/Algoritmos/Cabify/Application/Port/CarAvailabilitySnapshotRepositoryInterface.php">
      <metrics loc="35" ncloc="11" classes="0" methods="0" coveredmethods="0" conditionals="0" coveredconditionals="0" statements="0" coveredstatements="0" elements="0" coveredelements="0"/>
    </file>
    <file name="/home/aythami/Algoritmos/Cabify/Application/Port/CarRepositoryInterface.php">
      <metrics loc="48" ncloc="15" classes="0" methods="0" coveredmethods="0" conditionals="0" coveredconditionals="0" statements="0" coveredstatements="0" elements="0" coveredelements="0"/>
    </file>
    <file name="/home/aythami/Algoritmos/Cabify/Application/Port/JourneyRepositoryInterface.php">
      <metrics loc="93" ncloc="23" classes="0" methods="0" coveredmethods="0" conditionals="0" coveredconditionals="0" statements="0" coveredstatements="0" elements="0" coveredelements="0"/>
    </file>
    <package name="Cabify\Application\Query">
      <file name="/home/aythami/Algoritmos/Cabify/Application/Query/LocateJourneyQuery.php">
        <class name="Cabify\Application\Query\LocateJourneyQuery" namespace="Cabify\Application\Query">
          <metrics complexity="2" methods="2" coveredmethods="2" conditionals="0" coveredconditionals="0" statements="2" coveredstatements="2" elements="4" coveredelements="4"/>
        </class>
        <line num="33" type="method" name="__construct" visibility="public" complexity="1" crap="1" count="8"/>
        <line num="35" type="stmt" count="8"/>
        <line num="49" type="method" name="id" visibility="public" complexity="1" crap="1" count="8"/>
        <line num="51" type="stmt" count="8"/>
        <metrics loc="54" ncloc="21" classes="1" methods="2" coveredmethods="2" conditionals="0" coveredconditionals="0" statements="2" coveredstatements="2" elements="4" coveredelements="4"/>
      </file>
    </package>
    <package name="Cabify\Infrastructure\Config">
      <file name="/home/aythami/Algoritmos/Cabify/Infrastructure/Config/EnvLoader.php">
        <class name="Cabify\Infrastructure\Config\EnvLoader" namespace="Cabify\Infrastructure\Config">
          <metrics complexity="9" methods="1" coveredmethods="0" conditionals="0" coveredconditionals="0" statements="19" coveredstatements="18" elements="20" coveredelements="18"/>
        </class>
        <line num="33" type="method" name="load" visibility="public" complexity="9" crap="9.01" count="4"/>
        <line num="35" type="stmt" count="4"/>
        <line num="36" type="stmt" count="1"/>
        <line num="39" type="stmt" count="3"/>
        <line num="40" type="stmt" count="3"/>
        <line num="41" type="stmt" count="0"/>
        <line num="44" type="stmt" count="3"/>
        <line num="45" type="stmt" count="3"/>
        <line num="46" type="stmt" count="3"/>
        <line num="47" type="stmt" count="1"/>
        <line num="50" type="stmt" count="3"/>
        <line num="51" type="stmt" count="3"/>
        <line num="52" type="stmt" count="1"/>
        <line num="55" type="stmt" count="3"/>
        <line num="56" type="stmt" count="3"/>
        <line num="58" type="stmt" count="3"/>
        <line num="59" type="stmt" count="2"/>
        <line num="62" type="stmt" count="2"/>
        <line num="63" type="stmt" count="2"/>
        <line num="64" type="stmt" count="2"/>
        <metrics loc="68" ncloc="46" classes="1" methods="1" coveredmethods="0" conditionals="0" coveredconditionals="0" statements="19" coveredstatements="18" elements="20" coveredelements="18"/>
      </file>
    </package>
    <package name="Cabify\Infrastructure\Controller">
      <file name="/home/aythami/Algoritmos/Cabify/Infrastructure/Controller/PostDropoffController.php">
        <class name="Cabify\Infrastructure\Controller\PostDropoffController" namespace="Cabify\Infrastructure\Controller">
          <metrics complexity="13" methods="3" coveredmethods="2" conditionals="0" coveredconditionals="0" statements="28" coveredstatements="20" elements="31" coveredelements="22"/>
        </class>
        <line num="44" type="method" name="__construct" visibility="public" complexity="1" crap="1" count="3"/>
        <line num="46" type="stmt" count="3"/>
        <line num="62" type="method" name="__invoke" visibility="public" complexity="2" crap="2" count="3"/>
        <line num="64" type="stmt" count="3"/>
        <line num="67" type="stmt" count="2"/>
        <line num="68" type="stmt" count="1"/>
        <line num="69" type="stmt" count="1"/>
        <line num="72" type="stmt" count="1"/>
        <line num="73" type="stmt" count="1"/>
        <line num="74" type="stmt" count="1"/>
        <line num="75" type="stmt" count="1"/>
        <line num="89" type="method" name="extractId" visibility="private" complexity="10" crap="17.46" count="3"/>
        <line num="91" type="stmt" count="3"/>
        <line num="92" type="stmt" count="3"/>
        <line num="93" type="stmt" count="0"/>
        <line num="97" type="stmt" count="3"/>
        <line num="98" type="stmt" count="0"/>
        <line num="99" type="stmt" count="0"/>
        <line num="102" type="stmt" count="3"/>
        <line num="103" type="stmt" count="0"/>
        <line num="106" type="stmt" count="3"/>
        <line num="107" type="stmt" count="0"/>
        <line num="110" type="stmt" count="3"/>
        <line num="111" type="stmt" count="3"/>
        <line num="112" type="stmt" count="3"/>
        <line num="113" type="stmt" count="0"/>
        <line num="114" type="stmt" count="0"/>
        <line num="116" type="stmt" count="0"/>
        <line num="119" type="stmt" count="3"/>
        <line num="120" type="stmt" count="1"/>
        <line num="123" type="stmt" count="2"/>
        <metrics loc="126" ncloc="80" classes="1" methods="3" coveredmethods="2" conditionals="0" coveredconditionals="0" statements="28" coveredstatements="20" elements="31" coveredelements="22"/>
      </file>
      <file name="/home/aythami/Algoritmos/Cabify/Infrastructure/Controller/PostJourneyController.php">
        <class name="Cabify\Infrastructure\Controller\PostJourneyController" namespace="Cabify\Infrastructure\Controller">
          <metrics complexity="16" methods="3" coveredmethods="1" conditionals="0" coveredconditionals="0" statements="35" coveredstatements="26" elements="38" coveredelements="27"/>
        </class>
        <line num="43" type="method" name="__construct" visibility="public" complexity="1" crap="1" count="4"/>
        <line num="45" type="stmt" count="4"/>
        <line num="61" type="method" name="__invoke" visibility="public" complexity="11" crap="12.07" count="4"/>
        <line num="63" type="stmt" count="4"/>
        <line num="64" type="stmt" count="4"/>
        <line num="65" type="stmt" count="0"/>
        <line num="69" type="stmt" count="4"/>
        <line num="70" type="stmt" count="1"/>
        <line num="71" type="stmt" count="1"/>
        <line num="74" type="stmt" count="3"/>
        <line num="75" type="stmt" count="0"/>
        <line num="78" type="stmt" count="3"/>
        <line num="79" type="stmt" count="0"/>
        <line num="82" type="stmt" count="3"/>
        <line num="83" type="stmt" count="3"/>
        <line num="85" type="stmt" count="3"/>
        <line num="86" type="stmt" count="0"/>
        <line num="89" type="stmt" count="3"/>
        <line num="90" type="stmt" count="1"/>
        <line num="94" type="stmt" count="2"/>
        <line num="95" type="stmt" count="0"/>
        <line num="96" type="stmt" count="0"/>
        <line num="99" type="stmt" count="2"/>
        <line num="100" type="stmt" count="1"/>
        <line num="101" type="stmt" count="1"/>
        <line num="102" type="stmt" count="1"/>
        <line num="103" type="stmt" count="1"/>
        <line num="104" type="stmt" count="1"/>
        <line num="107" type="stmt" count="1"/>
        <line num="108" type="stmt" count="1"/>
        <line num="109" type="stmt" count="1"/>
        <line num="110" type="stmt" count="1"/>
        <line num="126" type="method" name="toInt" visibility="private" complexity="4" crap="7.46" count="3"/>
        <line num="128" type="stmt" count="3"/>
        <line num="129" type="stmt" count="3"/>
        <line num="132" type="stmt" count="0"/>
        <line num="133" type="stmt" count="0"/>
        <line num="136" type="stmt" count="0"/>
        <metrics loc="139" ncloc="91" classes="1" methods="3" coveredmethods="1" conditionals="0" coveredconditionals="0" statements="35" coveredstatements="26" elements="38" coveredelements="27"/>
      </file>
      <file name="/home/aythami/Algoritmos/Cabify/Infrastructure/Controller/PostLocateController.php">
        <class name="Cabify\Infrastructure\Controller\PostLocateController" namespace="Cabify\Infrastructure\Controller">
          <metrics complexity="14" methods="3" coveredmethods="2" conditionals="0" coveredconditionals="0" statements="34" coveredstatements="26" elements="37" coveredelements="28"/>
        </class>
        <line num="44" type="method" name="__construct" visibility="public" complexity="1" crap="1" count="4"/>
        <line num="46" type="stmt" count="4"/>
        <line num="62" type="method" name="__invoke" visibility="public" complexity="3" crap="3" count="4"/>
        <line num="64" type="stmt" count="4"/>
        <line num="67" type="stmt" count="3"/>
        <line num="68" type="stmt" count="1"/>
        <line num="69" type="stmt" count="1"/>
        <line num="72" type="stmt" count="2"/>
        <line num="73" type="stmt" count="1"/>
        <line num="74" type="stmt" count="1"/>
        <line num="75" type="stmt" count="1"/>
        <line num="76" type="stmt" count="1"/>
        <line num="79" type="stmt" count="1"/>
        <line num="80" type="stmt" count="1"/>
        <line num="81" type="stmt" count="1"/>
        <line num="82" type="stmt" count="1"/>
        <line num="83" type="stmt" count="1"/>
        <line num="97" type="method" name="extractId" visibility="private" complexity="10" crap="17.46" count="4"/>
        <line num="99" type="stmt" count="4"/>
        <line num="100" type="stmt" count="4"/>
        <line num="101" type="stmt" count="0"/>
        <line num="105" type="stmt" count="4"/>
        <line num="106" type="stmt" count="0"/>
        <line num="107" type="stmt" count="0"/>
        <line num="110" type="stmt" count="4"/>
        <line num="111" type="stmt" count="0"/>
        <line num="114" type="stmt" count="4"/>
        <line num="115" type="stmt" count="0"/>
        <line num="118" type="stmt" count="4"/>
        <line num="119" type="stmt" count="4"/>
        <line num="120" type="stmt" count="4"/>
        <line num="121" type="stmt" count="0"/>
        <line num="122" type="stmt" count="0"/>
        <line num="124" type="stmt" count="0"/>
        <line num="127" type="stmt" count="4"/>
        <line num="128" type="stmt" count="1"/>
        <line num="131" type="stmt" count="3"/>
        <metrics loc="134" ncloc="88" classes="1" methods="3" coveredmethods="2" conditionals="0" coveredconditionals="0" statements="34" coveredstatements="26" elements="37" coveredelements="28"/>
      </file>
      <file name="/home/aythami/Algoritmos/Cabify/Infrastructure/Controller/PutCarsController.php">
        <class name="Cabify\Infrastructure\Controller\PutCarsController" namespace="Cabify\Infrastructure\Controller">
          <metrics complexity="18" methods="4" coveredmethods="1" conditionals="0" coveredconditionals="0" statements="35" coveredstatements="29" elements="39" coveredelements="30"/>
        </class>
        <line num="43" type="method" name="__construct" visibility="public" complexity="1" crap="1" count="4"/>
        <line num="45" type="stmt" count="4"/>
        <line num="61" type="method" name="__invoke" visibility="public" complexity="5" crap="5.02" count="4"/>
        <line num="63" type="stmt" count="4"/>
        <line num="64" type="stmt" count="4"/>
        <line num="65" type="stmt" count="1"/>
        <line num="69" type="stmt" count="3"/>
        <line num="70" type="stmt" count="1"/>
        <line num="71" type="stmt" count="1"/>
        <line num="74" type="stmt" count="2"/>
        <line num="75" type="stmt" count="0"/>
        <line num="78" type="stmt" count="2"/>
        <line num="79" type="stmt" count="1"/>
        <line num="81" type="stmt" count="1"/>
        <line num="98" type="method" name="toCars" visibility="private" complexity="8" crap="8.70" count="2"/>
        <line num="100" type="stmt" count="2"/>
        <line num="101" type="stmt" count="2"/>
        <line num="103" type="stmt" count="2"/>
        <line num="104" type="stmt" count="2"/>
        <line num="105" type="stmt" count="0"/>
        <line num="108" type="stmt" count="2"/>
        <line num="109" type="stmt" count="0"/>
        <line num="112" type="stmt" count="2"/>
        <line num="113" type="stmt" count="2"/>
        <line num="115" type="stmt" count="2"/>
        <line num="116" type="stmt" count="1"/>
        <line num="119" type="stmt" count="1"/>
        <line num="120" type="stmt" count="0"/>
        <line num="123" type="stmt" count="1"/>
        <line num="124" type="stmt" count="0"/>
        <line num="127" type="stmt" count="1"/>
        <line num="128" type="stmt" count="1"/>
        <line num="131" type="stmt" count="1"/>
        <line num="147" type="method" name="toInt" visibility="private" complexity="4" crap="4.13" count="2"/>
        <line num="149" type="stmt" count="2"/>
        <line num="150" type="stmt" count="2"/>
        <line num="153" type="stmt" count="1"/>
        <line num="154" type="stmt" count="1"/>
        <line num="157" type="stmt" count="0"/>
        <metrics loc="160" ncloc="98" classes="1" methods="4" coveredmethods="1" conditionals="0" coveredconditionals="0" statements="35" coveredstatements="29" elements="39" coveredelements="30"/>
      </file>
      <file name="/home/aythami/Algoritmos/Cabify/Infrastructure/Controller/StatusController.php">
        <class name="Cabify\Infrastructure\Controller\StatusController" namespace="Cabify\Infrastructure\Controller">
          <metrics complexity="1" methods="1" coveredmethods="1" conditionals="0" coveredconditionals="0" statements="5" coveredstatements="5" elements="6" coveredelements="6"/>
        </class>
        <line num="38" type="method" name="__invoke" visibility="public" complexity="1" crap="1" count="1"/>
        <line num="40" type="stmt" count="1"/>
        <line num="41" type="stmt" count="1"/>
        <line num="42" type="stmt" count="1"/>
        <line num="43" type="stmt" count="1"/>
        <line num="44" type="stmt" count="1"/>
        <metrics loc="47" ncloc="23" classes="1" methods="1" coveredmethods="1" conditionals="0" coveredconditionals="0" statements="5" coveredstatements="5" elements="6" coveredelements="6"/>
      </file>
    </package>
    <package name="Cabify\Infrastructure\Http\Exception">
      <file name="/home/aythami/Algoritmos/Cabify/Infrastructure/Http/Exception/HttpException.php">
        <class name="Cabify\Infrastructure\Http\Exception\HttpException" namespace="Cabify\Infrastructure\Http\Exception">
          <metrics complexity="2" methods="2" coveredmethods="2" conditionals="0" coveredconditionals="0" statements="3" coveredstatements="3" elements="5" coveredelements="5"/>
        </class>
        <line num="35" type="method" name="__construct" visibility="public" complexity="1" crap="1" count="10"/>
        <line num="37" type="stmt" count="10"/>
        <line num="38" type="stmt" count="10"/>
        <line num="52" type="method" name="statusCode" visibility="public" complexity="1" crap="1" count="1"/>
        <line num="54" type="stmt" count="1"/>
        <metrics loc="57" ncloc="24" classes="1" methods="2" coveredmethods="2" conditionals="0" coveredconditionals="0" statements="3" coveredstatements="3" elements="5" coveredelements="5"/>
      </file>
      <file name="/home/aythami/Algoritmos/Cabify/Infrastructure/Http/Exception/ValidationHttpException.php">
        <class name="Cabify\Infrastructure\Http\Exception\ValidationHttpException" namespace="Cabify\Infrastructure\Http\Exception">
          <metrics complexity="1" methods="1" coveredmethods="1" conditionals="0" coveredconditionals="0" statements="1" coveredstatements="1" elements="2" coveredelements="2"/>
        </class>
        <line num="31" type="method" name="__construct" visibility="public" complexity="1" crap="1" count="7"/>
        <line num="33" type="stmt" count="7"/>
        <metrics loc="36" ncloc="14" classes="1" methods="1" coveredmethods="1" conditionals="0" coveredconditionals="0" statements="1" coveredstatements="1" elements="2" coveredelements="2"/>
      </file>
    </package>
    <package name="Cabify\Infrastructure\Http">
      <file name="/home/aythami/Algoritmos/Cabify/Infrastructure/Http/Kernel.php">
        <class name="Cabify\Infrastructure\Http\Kernel" namespace="Cabify\Infrastructure\Http">
          <metrics complexity="6" methods="2" coveredmethods="1" conditionals="0" coveredconditionals="0" statements="11" coveredstatements="9" elements="13" coveredelements="10"/>
        </class>
        <line num="41" type="method" name="__construct" visibility="public" complexity="1" crap="1" count="3"/>
        <line num="43" type="stmt" count="3"/>
        <line num="57" type="method" name="handle" visibility="public" complexity="5" crap="5.20" count="3"/>
        <line num="60" type="stmt" count="3"/>
        <line num="61" type="stmt" count="1"/>
        <line num="62" type="stmt" count="1"/>
        <line num="65" type="stmt" count="0"/>
        <line num="66" type="stmt" count="2"/>
        <line num="67" type="stmt" count="1"/>
        <line num="68" type="stmt" count="1"/>
        <line num="69" type="stmt" count="0"/>
        <line num="70" type="stmt" count="1"/>
        <line num="71" type="stmt" count="1"/>
        <metrics loc="75" ncloc="42" classes="1" methods="2" coveredmethods="1" conditionals="0" coveredconditionals="0" statements="11" coveredstatements="9" elements="13" coveredelements="10"/>
      </file>
    </package>
    <package name="Cabify\Infrastructure\Persistence\MySql">
      <file name="/home/aythami/Algoritmos/Cabify/Infrastructure/Persistence/MySql/MySqlCarRepository.php">
        <class name="Cabify\Infrastructure\Persistence\MySql\MySqlCarRepository" namespace="Cabify\Infrastructure\Persistence\MySql">
          <metrics complexity="7" methods="3" coveredmethods="2" conditionals="0" coveredconditionals="0" statements="22" coveredstatements="18" elements="25" coveredelements="20"/>
        </class>
        <line num="38" type="method" name="__construct" visibility="public" complexity="1" crap="1" count="4"/>
        <line num="40" type="stmt" count="4"/>
        <line num="54" type="method" name="replaceFleet" visibility="public" complexity="4" crap="4.37" count="4"/>
        <line num="56" type="stmt" count="4"/>
        <line num="60" type="stmt" count="4"/>
        <line num="61" type="stmt" count="4"/>
        <line num="62" type="stmt" count="4"/>
        <line num="64" type="stmt" count="4"/>
        <line num="65" type="stmt" count="4"/>
        <line num="66" type="stmt" count="4"/>
        <line num="67" type="stmt" count="4"/>
        <line num="68" type="stmt" count="4"/>
        <line num="71" type="stmt" count="4"/>
        <line num="72" type="stmt" count="0"/>
        <line num="73" type="stmt" count="0"/>
        <line num="74" type="stmt" count="0"/>
        <line num="77" type="stmt" count="0"/>
        <line num="92" type="method" name="findAll" visibility="public" complexity="2" crap="2" count="1"/>
        <line num="94" type="stmt" count="1"/>
        <line num="95" type="stmt" count="1"/>
        <line num="97" type="stmt" count="1"/>
        <line num="99" type="stmt" count="1"/>
        <line num="100" type="stmt" count="1"/>
        <line num="101" type="stmt" count="1"/>
        <line num="104" type="stmt" count="1"/>
        <metrics loc="107" ncloc="62" classes="1" methods="3" coveredmethods="2" conditionals="0" coveredconditionals="0" statements="22" coveredstatements="18" elements="25" coveredelements="20"/>
      </file>
      <file name="/home/aythami/Algoritmos/Cabify/Infrastructure/Persistence/MySql/MySqlJourneyRepository.php">
        <class name="Cabify\Infrastructure\Persistence\MySql\MySqlJourneyRepository" namespace="Cabify\Infrastructure\Persistence\MySql">
          <metrics complexity="16" methods="8" coveredmethods="7" conditionals="0" coveredconditionals="0" statements="59" coveredstatements="58" elements="67" coveredelements="65"/>
        </class>
        <line num="45" type="method" name="__construct" visibility="public" complexity="1" crap="1" count="8"/>
        <line num="47" type="stmt" count="8"/>
        <line num="63" type="method" name="createWaitingJourney" visibility="public" complexity="3" crap="3.01" count="8"/>
        <line num="66" type="stmt" count="8"/>
        <line num="67" type="stmt" count="8"/>
        <line num="68" type="stmt" count="8"/>
        <line num="69" type="stmt" count="8"/>
        <line num="70" type="stmt" count="8"/>
        <line num="71" type="stmt" count="8"/>
        <line num="72" type="stmt" count="8"/>
        <line num="73" type="stmt" count="8"/>
        <line num="74" type="stmt" count="1"/>
        <line num="75" type="stmt" count="1"/>
        <line num="76" type="stmt" count="1"/>
        <line num="79" type="stmt" count="0"/>
        <line num="96" type="method" name="findWaitingJourneys" visibility="public" complexity="2" crap="2" count="4"/>
        <line num="98" type="stmt" count="4"/>
        <line num="99" type="stmt" count="4"/>
        <line num="100" type="stmt" count="4"/>
        <line num="101" type="stmt" count="4"/>
        <line num="103" type="stmt" count="4"/>
        <line num="105" type="stmt" count="4"/>
        <line num="106" type="stmt" count="4"/>
        <line num="107" type="stmt" count="4"/>
        <line num="110" type="stmt" count="4"/>
        <line num="124" type="method" name="assignJourneyToCar" visibility="public" complexity="1" crap="1" count="5"/>
        <line num="126" type="stmt" count="5"/>
        <line num="127" type="stmt" count="5"/>
        <line num="128" type="stmt" count="5"/>
        <line num="129" type="stmt" count="5"/>
        <line num="130" type="stmt" count="5"/>
        <line num="131" type="stmt" count="5"/>
        <line num="132" type="stmt" count="5"/>
        <line num="146" type="method" name="findFirstAvailableCarIdForPeople" visibility="public" complexity="3" crap="3" count="1"/>
        <line num="148" type="stmt" count="1"/>
        <line num="149" type="stmt" count="1"/>
        <line num="150" type="stmt" count="1"/>
        <line num="154" type="stmt" count="1"/>
        <line num="170" type="method" name="findAvailableSeatsByCarId" visibility="public" complexity="2" crap="2" count="4"/>
        <line num="172" type="stmt" count="4"/>
        <line num="173" type="stmt" count="4"/>
        <line num="180" type="stmt" count="4"/>
        <line num="181" type="stmt" count="4"/>
        <line num="182" type="stmt" count="4"/>
        <line num="184" type="stmt" count="4"/>
        <line num="186" type="stmt" count="4"/>
        <line num="187" type="stmt" count="4"/>
        <line num="188" type="stmt" count="4"/>
        <line num="191" type="stmt" count="4"/>
        <line num="205" type="method" name="findJourneyById" visibility="public" complexity="3" crap="3" count="4"/>
        <line num="207" type="stmt" count="4"/>
        <line num="208" type="stmt" count="4"/>
        <line num="209" type="stmt" count="4"/>
        <line num="210" type="stmt" count="4"/>
        <line num="211" type="stmt" count="4"/>
        <line num="213" type="stmt" count="4"/>
        <line num="214" type="stmt" count="2"/>
        <line num="217" type="stmt" count="3"/>
        <line num="218" type="stmt" count="3"/>
        <line num="219" type="stmt" count="3"/>
        <line num="220" type="stmt" count="3"/>
        <line num="221" type="stmt" count="3"/>
        <line num="222" type="stmt" count="3"/>
        <line num="236" type="method" name="removeJourneyById" visibility="public" complexity="1" crap="1" count="3"/>
        <line num="238" type="stmt" count="3"/>
        <line num="239" type="stmt" count="3"/>
        <line num="241" type="stmt" count="3"/>
        <metrics loc="244" ncloc="139" classes="1" methods="8" coveredmethods="7" conditionals="0" coveredconditionals="0" statements="59" coveredstatements="58" elements="67" coveredelements="65"/>
      </file>
      <file name="/home/aythami/Algoritmos/Cabify/Infrastructure/Persistence/MySql/PdoConnectionFactory.php">
        <class name="Cabify\Infrastructure\Persistence\MySql\PdoConnectionFactory" namespace="Cabify\Infrastructure\Persistence\MySql">
          <metrics complexity="5" methods="2" coveredmethods="2" conditionals="0" coveredconditionals="0" statements="23" coveredstatements="23" elements="25" coveredelements="25"/>
        </class>
        <line num="35" type="method" name="createFromEnvironment" visibility="public" complexity="2" crap="2" count="3"/>
        <line num="37" type="stmt" count="3"/>
        <line num="38" type="stmt" count="2"/>
        <line num="39" type="stmt" count="2"/>
        <line num="40" type="stmt" count="2"/>
        <line num="41" type="stmt" count="2"/>
        <line num="42" type="stmt" count="2"/>
        <line num="44" type="stmt" count="2"/>
        <line num="47" type="stmt" count="2"/>
        <line num="48" type="stmt" count="2"/>
        <line num="49" type="stmt" count="2"/>
        <line num="50" type="stmt" count="2"/>
        <line num="51" type="stmt" count="2"/>
        <line num="52" type="stmt" count="2"/>
        <line num="53" type="stmt" count="2"/>
        <line num="54" type="stmt" count="2"/>
        <line num="55" type="stmt" count="2"/>
        <line num="56" type="stmt" count="2"/>
        <line num="57" type="stmt" count="1"/>
        <line num="58" type="stmt" count="1"/>
        <line num="73" type="method" name="requiredEnv" visibility="private" complexity="3" crap="3" count="3"/>
        <line num="75" type="stmt" count="3"/>
        <line num="76" type="stmt" count="3"/>
        <line num="77" type="stmt" count="1"/>
        <line num="80" type="stmt" count="2"/>
        <metrics loc="83" ncloc="50" classes="1" methods="2" coveredmethods="2" conditionals="0" coveredconditionals="0" statements="23" coveredstatements="23" elements="25" coveredelements="25"/>
      </file>
    </package>
    <package name="Cabify\Infrastructure\Request">
      <file name="/home/aythami/Algoritmos/Cabify/Infrastructure/Request/HttpRequest.php">
        <class name="Cabify\Infrastructure\Request\HttpRequest" namespace="Cabify\Infrastructure\Request">
          <metrics complexity="13" methods="7" coveredmethods="7" conditionals="0" coveredconditionals="0" statements="26" coveredstatements="26" elements="33" coveredelements="33"/>
        </class>
        <line num="42" type="method" name="__construct" visibility="public" complexity="1" crap="1" count="23"/>
        <line num="44" type="stmt" count="23"/>
        <line num="45" type="stmt" count="23"/>
        <line num="46" type="stmt" count="23"/>
        <line num="47" type="stmt" count="23"/>
        <line num="61" type="method" name="fromGlobals" visibility="public" complexity="3" crap="3" count="2"/>
        <line num="63" type="stmt" count="2"/>
        <line num="64" type="stmt" count="2"/>
        <line num="65" type="stmt" count="2"/>
        <line num="66" type="stmt" count="2"/>
        <line num="68" type="stmt" count="2"/>
        <line num="69" type="stmt" count="2"/>
        <line num="70" type="stmt" count="2"/>
        <line num="71" type="stmt" count="2"/>
        <line num="72" type="stmt" count="2"/>
        <line num="73" type="stmt" count="2"/>
        <line num="87" type="method" name="method" visibility="public" complexity="1" crap="1" count="7"/>
        <line num="89" type="stmt" count="7"/>
        <line num="103" type="method" name="path" visibility="public" complexity="1" crap="1" count="8"/>
        <line num="105" type="stmt" count="8"/>
        <line num="119" type="method" name="header" visibility="public" complexity="1" crap="1" count="16"/>
        <line num="121" type="stmt" count="16"/>
        <line num="123" type="stmt" count="16"/>
        <line num="137" type="method" name="body" visibility="public" complexity="1" crap="1" count="15"/>
        <line num="139" type="stmt" count="15"/>
        <line num="155" type="method" name="normalizedHeaders" visibility="private" complexity="5" crap="5" count="2"/>
        <line num="157" type="stmt" count="2"/>
        <line num="159" type="stmt" count="2"/>
        <line num="160" type="stmt" count="1"/>
        <line num="161" type="stmt" count="1"/>
        <line num="164" type="stmt" count="1"/>
        <line num="165" type="stmt" count="1"/>
        <line num="168" type="stmt" count="2"/>
        <metrics loc="171" ncloc="78" classes="1" methods="7" coveredmethods="7" conditionals="0" coveredconditionals="0" statements="26" coveredstatements="26" elements="33" coveredelements="33"/>
      </file>
    </package>
    <package name="Cabify\Infrastructure\Response">
      <file name="/home/aythami/Algoritmos/Cabify/Infrastructure/Response/HttpResponse.php">
        <class name="Cabify\Infrastructure\Response\HttpResponse" namespace="Cabify\Infrastructure\Response">
          <metrics complexity="5" methods="4" coveredmethods="4" conditionals="0" coveredconditionals="0" statements="9" coveredstatements="9" elements="13" coveredelements="13"/>
        </class>
        <line num="40" type="method" name="__construct" visibility="public" complexity="1" crap="1" count="12"/>
        <line num="42" type="stmt" count="12"/>
        <line num="43" type="stmt" count="12"/>
        <line num="44" type="stmt" count="12"/>
        <line num="58" type="method" name="statusCode" visibility="public" complexity="1" crap="1" count="11"/>
        <line num="60" type="stmt" count="11"/>
        <line num="74" type="method" name="body" visibility="public" complexity="1" crap="1" count="11"/>
        <line num="76" type="stmt" count="11"/>
        <line num="90" type="method" name="send" visibility="public" complexity="2" crap="2" count="1"/>
        <line num="92" type="stmt" count="1"/>
        <line num="94" type="stmt" count="1"/>
        <line num="95" type="stmt" count="1"/>
        <line num="98" type="stmt" count="1"/>
        <metrics loc="101" ncloc="43" classes="1" methods="4" coveredmethods="4" conditionals="0" coveredconditionals="0" statements="9" coveredstatements="9" elements="13" coveredelements="13"/>
      </file>
      <file name="/home/aythami/Algoritmos/Cabify/Infrastructure/Response/JsonResponse.php">
        <class name="Cabify\Infrastructure\Response\JsonResponse" namespace="Cabify\Infrastructure\Response">
          <metrics complexity="1" methods="1" coveredmethods="1" conditionals="0" coveredconditionals="0" statements="9" coveredstatements="9" elements="10" coveredelements="10"/>
        </class>
        <line num="37" type="method" name="fromPayload" visibility="public" complexity="1" crap="1" count="9"/>
        <line num="39" type="stmt" count="9"/>
        <line num="40" type="stmt" count="9"/>
        <line num="41" type="stmt" count="9"/>
        <line num="42" type="stmt" count="9"/>
        <line num="43" type="stmt" count="9"/>
        <line num="44" type="stmt" count="9"/>
        <line num="45" type="stmt" count="9"/>
        <line num="46" type="stmt" count="9"/>
        <line num="47" type="stmt" count="9"/>
        <metrics loc="50" ncloc="24" classes="1" methods="1" coveredmethods="1" conditionals="0" coveredconditionals="0" statements="9" coveredstatements="9" elements="10" coveredelements="10"/>
      </file>
    </package>
    <package name="Cabify\Infrastructure\Router">
      <file name="/home/aythami/Algoritmos/Cabify/Infrastructure/Router/Router.php">
        <class name="Cabify\Infrastructure\Router\Router" namespace="Cabify\Infrastructure\Router">
          <metrics complexity="3" methods="2" coveredmethods="2" conditionals="0" coveredconditionals="0" statements="7" coveredstatements="7" elements="9" coveredelements="9"/>
        </class>
        <line num="37" type="method" name="add" visibility="public" complexity="1" crap="1" count="4"/>
        <line num="39" type="stmt" count="4"/>
        <line num="40" type="stmt" count="4"/>
        <line num="54" type="method" name="dispatch" visibility="public" complexity="2" crap="2" count="5"/>
        <line num="56" type="stmt" count="5"/>
        <line num="57" type="stmt" count="5"/>
        <line num="59" type="stmt" count="5"/>
        <line num="60" type="stmt" count="2"/>
        <line num="63" type="stmt" count="3"/>
        <metrics loc="66" ncloc="32" classes="1" methods="2" coveredmethods="2" conditionals="0" coveredconditionals="0" statements="7" coveredstatements="7" elements="9" coveredelements="9"/>
      </file>
    </package>
    <package name="Cabify\Infrastructure\Security">
      <file name="/home/aythami/Algoritmos/Cabify/Infrastructure/Security/InputPatterns.php">
        <class name="Cabify\Infrastructure\Security\InputPatterns" namespace="Cabify\Infrastructure\Security">
          <metrics complexity="1" methods="1" coveredmethods="0" conditionals="0" coveredconditionals="0" statements="1" coveredstatements="0" elements="2" coveredelements="0"/>
        </class>
        <line num="28" type="method" name="__construct" visibility="private" complexity="1" crap="2" count="0"/>
        <line num="30" type="stmt" count="0"/>
        <metrics loc="32" ncloc="21" classes="1" methods="1" coveredmethods="0" conditionals="0" coveredconditionals="0" statements="1" coveredstatements="0" elements="2" coveredelements="0"/>
      </file>
    </package>
    <package name="Cabify\Entity">
      <file name="/home/aythami/Algoritmos/Cabify/src/Entity/Car.php">
        <class name="Cabify\Entity\Car" namespace="Cabify\Entity">
          <metrics complexity="6" methods="3" coveredmethods="3" conditionals="0" coveredconditionals="0" statements="8" coveredstatements="8" elements="11" coveredelements="11"/>
        </class>
        <line num="37" type="method" name="__construct" visibility="public" complexity="4" crap="4" count="9"/>
        <line num="39" type="stmt" count="9"/>
        <line num="40" type="stmt" count="1"/>
        <line num="43" type="stmt" count="8"/>
        <line num="44" type="stmt" count="1"/>
        <line num="47" type="stmt" count="7"/>
        <line num="48" type="stmt" count="7"/>
        <line num="62" type="method" name="id" visibility="public" complexity="1" crap="1" count="7"/>
        <line num="64" type="stmt" count="7"/>
        <line num="78" type="method" name="seats" visibility="public" complexity="1" crap="1" count="6"/>
        <line num="80" type="stmt" count="6"/>
        <metrics loc="83" ncloc="39" classes="1" methods="3" coveredmethods="3" conditionals="0" coveredconditionals="0" statements="8" coveredstatements="8" elements="11" coveredelements="11"/>
      </file>
      <file name="/home/aythami/Algoritmos/Cabify/src/Entity/JourneyGroup.php">
        <class name="Cabify\Entity\JourneyGroup" namespace="Cabify\Entity">
          <metrics complexity="6" methods="3" coveredmethods="3" conditionals="0" coveredconditionals="0" statements="8" coveredstatements="8" elements="11" coveredelements="11"/>
        </class>
        <line num="37" type="method" name="__construct" visibility="public" complexity="4" crap="4" count="21"/>
        <line num="39" type="stmt" count="21"/>
        <line num="40" type="stmt" count="1"/>
        <line num="43" type="stmt" count="20"/>
        <line num="44" type="stmt" count="1"/>
        <line num="47" type="stmt" count="19"/>
        <line num="48" type="stmt" count="19"/>
        <line num="62" type="method" name="id" visibility="public" complexity="1" crap="1" count="19"/>
        <line num="64" type="stmt" count="19"/>
        <line num="78" type="method" name="people" visibility="public" complexity="1" crap="1" count="19"/>
        <line num="80" type="stmt" count="19"/>
        <metrics loc="83" ncloc="39" classes="1" methods="3" coveredmethods="3" conditionals="0" coveredconditionals="0" statements="8" coveredstatements="8" elements="11" coveredelements="11"/>
      </file>
    </package>
    <package name="Cabify\Service">
      <file name="/home/aythami/Algoritmos/Cabify/src/Service/FairJourneyAssignmentPlanner.php">
        <class name="Cabify\Service\FairJourneyAssignmentPlanner" namespace="Cabify\Service">
          <metrics complexity="4" methods="1" coveredmethods="1" conditionals="0" coveredconditionals="0" statements="10" coveredstatements="10" elements="11" coveredelements="11"/>
        </class>
        <line num="37" type="method" name="plan" visibility="public" complexity="4" crap="4" count="6"/>
        <line num="39" type="stmt" count="6"/>
        <line num="41" type="stmt" count="6"/>
        <line num="43" type="stmt" count="6"/>
        <line num="44" type="stmt" count="6"/>
        <line num="45" type="stmt" count="6"/>
        <line num="46" type="stmt" count="6"/>
        <line num="49" type="stmt" count="6"/>
        <line num="50" type="stmt" count="6"/>
        <line num="51" type="stmt" count="6"/>
        <line num="55" type="stmt" count="6"/>
        <metrics loc="58" ncloc="32" classes="1" methods="1" coveredmethods="1" conditionals="0" coveredconditionals="0" statements="10" coveredstatements="10" elements="11" coveredelements="11"/>
      </file>
    </package>
    <metrics files="36" loc="3015" ncloc="1542" classes="30" methods="85" coveredmethods="72" conditionals="0" coveredconditionals="0" statements="435" coveredstatements="394" elements="520" coveredelements="466"/>
  </project>
</coverage>
